This file contains any messages produced by compilers while
running configure, to aid debugging if configure makes a mistake.

It was created by alsa-utils configure 1.2.6, which was
generated by GNU Autoconf 2.69.  Invocation command line was

  $ ./configure --host=aarch64-linux-gnu --prefix=/home/rpdzkj/sixth/ljswork/hisi/hi351xdv500/work/alsa/alsa-utils-1.2.6/install --with-systemdsystemunitdir=/home/rpdzkj/sixth/ljswork/hisi/hi351xdv500/work/alsa/alsa-utils-1.2.6/install/systemd --with-udev-rules-dir=/home/rpdzkj/sixth/ljswork/hisi/hi351xdv500/work/alsa/alsa-utils-1.2.6/install/udev-rules --with-alsa-inc-prefix=/home/rpdzkj/sixth/ljswork/hisi/hi351xdv500/work/alsa/alsa-lib-1.2.6.1/install/include/ --with-alsa-prefix=/home/rpdzkj/sixth/ljswork/hisi/hi351xdv500/work/alsa/alsa-lib-1.2.6.1/install/lib/ --disable-xmlto NCURSESW_CFLAGS=-D_GNU_SOURCE -D_DEFAULT_SOURCE -I/home/rpdzkj/sixth/ljswork/hisi/hi351xdv500/work/alsa/ncurses-6.1/install/include/ncursesw -I/home/rpdzkj/sixth/ljswork/hisi/hi351xdv500/work/alsa/ncurses-6.1/install/include NCURSESW_LIBS=-L/home/rpdzkj/sixth/ljswork/hisi/hi351xdv500/work/alsa/ncurses-6.1/install/lib -lncursesw

## --------- ##
## Platform. ##
## --------- ##

hostname = rpdzkj
uname -m = x86_64
uname -r = 4.15.0-213-generic
uname -s = Linux
uname -v = #224-Ubuntu SMP Mon Jun 19 13:30:12 UTC 2023

/usr/bin/uname -p = unknown
/bin/uname -X     = unknown

/bin/arch              = unknown
/usr/bin/arch -k       = unknown
/usr/convex/getsysinfo = unknown
/usr/bin/hostinfo      = unknown
/bin/machine           = unknown
/usr/bin/oslevel       = unknown
/bin/universe          = unknown

PATH: /home/rpdzkj/sixth/ljswork/hisi/hi351xdv500/cross-compile/aarch64-v01c01-linux-gnu-gcc/bin
PATH: /home/rpdzkj/sixth/ljswork/hisi/hi351xdv500/cross-compile/aarch64-v01c01-linux-gnu-gcc/bin
PATH: /home/rpdzkj/.local/bin
PATH: /opt/hisi-linux/x86-arm/arm-himix200-linux/bin
PATH: /usr/local/sbin
PATH: /usr/local/bin
PATH: /usr/sbin
PATH: /usr/bin
PATH: /sbin
PATH: /bin
PATH: /usr/games
PATH: /usr/local/games
PATH: /snap/bin


## ----------- ##
## Core tests. ##
## ----------- ##

configure:2398: checking for a BSD-compatible install
configure:2466: result: /usr/bin/install -c
configure:2477: checking whether build environment is sane
configure:2532: result: yes
configure:2591: checking for aarch64-linux-gnu-strip
configure:2618: result: aarch64-linux-gnu-strip
configure:2683: checking for a thread-safe mkdir -p
configure:2722: result: /bin/mkdir -p
configure:2729: checking for gawk
configure:2745: found /usr/bin/gawk
configure:2756: result: gawk
configure:2767: checking whether make sets $(MAKE)
configure:2789: result: yes
configure:2818: checking whether make supports nested variables
configure:2835: result: yes
configure:2963: checking whether to enable maintainer-specific portions of Makefiles
configure:2972: result: yes
configure:2986: checking for a sed that does not truncate output
configure:3050: result: /bin/sed
configure:3056: checking whether NLS is requested
configure:3065: result: yes
configure:3105: checking for msgfmt
configure: trying /usr/bin/msgfmt...
0 translated messages.
configure:3137: result: /usr/bin/msgfmt
configure:3146: checking for gmsgfmt
configure:3177: result: /usr/bin/msgfmt
configure:3222: checking for xgettext
configure: trying /usr/bin/xgettext...
/usr/bin/xgettext: warning: file '/dev/null' extension '' is unknown; will try C
configure:3254: result: /usr/bin/xgettext
configure:3299: checking for msgmerge
configure: trying /usr/bin/msgmerge...
configure:3330: result: /usr/bin/msgmerge
configure:3375: checking whether make supports the include directive
configure:3390: make -f confmf.GNU && cat confinc.out
this is the am__doit target
configure:3393: $? = 0
configure:3412: result: yes (GNU style)
configure:3442: checking for aarch64-linux-gnu-gcc
configure:3469: result: aarch64-linux-gnu-gcc
configure:3738: checking for C compiler version
configure:3747: aarch64-linux-gnu-gcc --version >&5
aarch64-linux-gnu-gcc (GCC-10.3.0 glibc-2.34 ver100.140 2023-11-23 12:00:00) 10.3.0
Copyright (C) 2020 Free Software Foundation, Inc.
This is free software; see the source for copying conditions.  There is NO
warranty; not even for MERCHANTABILITY or FITNESS FOR A PARTICULAR PURPOSE.

configure:3758: $? = 0
configure:3747: aarch64-linux-gnu-gcc -v >&5
Using built-in specs.
COLLECT_GCC=aarch64-linux-gnu-gcc
COLLECT_LTO_WRAPPER=/home/rpdzkj/sixth/ljswork/hisi/hi351xdv500/cross-compile/aarch64-v01c01-linux-gnu-gcc/bin/../libexec/gcc/aarch64-linux-gnu/10.3.0/lto-wrapper
Target: aarch64-linux-gnu
Configured with: /devcloud/workspace/gcc_source/build/aarch64-linux-glibc/../../open_source/aarch64-linux-glibc_src/gcc-10.3.0/configure --build=x86_64-pc-linux-gnu --host=x86_64-pc-linux-gnu --target=aarch64-linux-gnu --with-arch=armv8-a --prefix=/devcloud/workspace/gcc_source/build/aarch64-linux-glibc/aarch64_linux_glibc_build_dir/aarch64-linux-glibc --enable-symvers=gnu --enable-threads --disable-libmudflap --enable-__cxa_atexit --disable-libssp --enable-gold=yes --disable-libstdcxx-pch --disable-multilib --enable-multiarch --with-gnu-as --with-gnu-ld --enable-libgomp --enable-libatomic --enable-gnu-indirect-function --enable-checking=yes --enable-lto --enable-c99 --enable-long-long --enable-nls --enable-fix-cortex-a53-835769 --enable-fix-cortex-a53-843419 --enable-shared --enable-poison-system-directories --disable-libitm --with-pkgversion='GCC-10.3.0 glibc-2.34 ver100.140 2023-11-23 12:00:00' --enable-languages=c,c++ --with-headers=/devcloud/workspace/gcc_source/build/aarch64-linux-glibc/aarch64_linux_glibc_build_dir/aarch64-linux-glibc/target/usr/include --with-sysroot=/devcloud/workspace/gcc_source/build/aarch64-linux-glibc/aarch64_linux_glibc_build_dir/aarch64-linux-glibc/target --with-build-sysroot=/devcloud/workspace/gcc_source/build/aarch64-linux-glibc/aarch64_linux_glibc_build_dir/aarch64-linux-glibc/target --with-gmp=/devcloud/workspace/gcc_source/build/aarch64-linux-glibc/aarch64_linux_glibc_build_dir/obj/host-libs/usr --with-isl=/devcloud/workspace/gcc_source/build/aarch64-linux-glibc/aarch64_linux_glibc_build_dir/obj/host-libs/usr --with-mpfr=/devcloud/workspace/gcc_source/build/aarch64-linux-glibc/aarch64_linux_glibc_build_dir/obj/host-libs/usr --with-mpc=/devcloud/workspace/gcc_source/build/aarch64-linux-glibc/aarch64_linux_glibc_build_dir/obj/host-libs/usr --with-build-time-tools=/devcloud/workspace/gcc_source/build/aarch64-linux-glibc/aarch64_linux_glibc_build_dir/aarch64-linux-glibc/aarch64-linux-gnu/bin --libdir=/devcloud/workspace/gcc_source/build/aarch64-linux-glibc/aarch64_linux_glibc_build_dir/aarch64-linux-glibc/lib --disable-bootstrap --with-system-zlib
Thread model: posix
Supported LTO compression algorithms: zlib
gcc version 10.3.0 (GCC-10.3.0 glibc-2.34 ver100.140 2023-11-23 12:00:00) 
configure:3758: $? = 0
configure:3747: aarch64-linux-gnu-gcc -V >&5
aarch64-linux-gnu-gcc: error: unrecognized command-line option '-V'
aarch64-linux-gnu-gcc: fatal error: no input files
compilation terminated.
configure:3758: $? = 1
configure:3747: aarch64-linux-gnu-gcc -qversion >&5
aarch64-linux-gnu-gcc: error: unrecognized command-line option '-qversion'; did you mean '--version'?
aarch64-linux-gnu-gcc: fatal error: no input files
compilation terminated.
configure:3758: $? = 1
configure:3778: checking whether the C compiler works
configure:3800: aarch64-linux-gnu-gcc    conftest.c  >&5
configure:3804: $? = 0
configure:3852: result: yes
configure:3855: checking for C compiler default output file name
configure:3857: result: a.out
configure:3863: checking for suffix of executables
configure:3870: aarch64-linux-gnu-gcc -o conftest    conftest.c  >&5
configure:3874: $? = 0
configure:3896: result: 
configure:3918: checking whether we are cross compiling
configure:3926: aarch64-linux-gnu-gcc -o conftest    conftest.c  >&5
configure:3930: $? = 0
configure:3937: ./conftest
/lib/ld-linux-aarch64.so.1: No such file or directory
configure:3941: $? = 255
configure:3956: result: yes
configure:3961: checking for suffix of object files
configure:3983: aarch64-linux-gnu-gcc -c   conftest.c >&5
configure:3987: $? = 0
configure:4008: result: o
configure:4012: checking whether we are using the GNU C compiler
configure:4031: aarch64-linux-gnu-gcc -c   conftest.c >&5
configure:4031: $? = 0
configure:4040: result: yes
configure:4049: checking whether aarch64-linux-gnu-gcc accepts -g
configure:4069: aarch64-linux-gnu-gcc -c -g  conftest.c >&5
configure:4069: $? = 0
configure:4110: result: yes
configure:4127: checking for aarch64-linux-gnu-gcc option to accept ISO C89
configure:4190: aarch64-linux-gnu-gcc  -c -g -O2  conftest.c >&5
configure:4190: $? = 0
configure:4203: result: none needed
configure:4228: checking whether aarch64-linux-gnu-gcc understands -c and -o together
configure:4250: aarch64-linux-gnu-gcc -c conftest.c -o conftest2.o
configure:4253: $? = 0
configure:4250: aarch64-linux-gnu-gcc -c conftest.c -o conftest2.o
configure:4253: $? = 0
configure:4265: result: yes
configure:4284: checking dependency style of aarch64-linux-gnu-gcc
configure:4395: result: gcc3
configure:4414: checking build system type
configure:4428: result: x86_64-pc-linux-gnu
configure:4448: checking host system type
configure:4461: result: aarch64-unknown-linux-gnu
configure:4505: checking for ld
configure:4633: result: aarch64-linux-gnu-ld
configure:4640: checking if the linker (aarch64-linux-gnu-ld) is GNU ld
configure:4655: result: yes
configure:4662: checking for shared library run path origin
configure:4675: result: done
configure:4696: checking 32-bit host C ABI
configure:4786: aarch64-linux-gnu-gcc -c -g -O2  conftest.c >&5
configure:4786: $? = 0
configure:4949: result: no
configure:4959: checking how to run the C preprocessor
configure:4990: aarch64-linux-gnu-gcc -E  conftest.c
configure:4990: $? = 0
configure:5004: aarch64-linux-gnu-gcc -E  conftest.c
conftest.c:11:10: fatal error: ac_nonexistent.h: No such file or directory
   11 | #include <ac_nonexistent.h>
      |          ^~~~~~~~~~~~~~~~~~
compilation terminated.
configure:5004: $? = 1
configure: failed program was:
| /* confdefs.h */
| #define PACKAGE_NAME "alsa-utils"
| #define PACKAGE_TARNAME "alsa-utils"
| #define PACKAGE_VERSION "1.2.6"
| #define PACKAGE_STRING "alsa-utils 1.2.6"
| #define PACKAGE_BUGREPORT ""
| #define PACKAGE_URL ""
| #define PACKAGE "alsa-utils"
| #define VERSION "1.2.6"
| /* end confdefs.h.  */
| #include <ac_nonexistent.h>
configure:5029: result: aarch64-linux-gnu-gcc -E
configure:5049: aarch64-linux-gnu-gcc -E  conftest.c
configure:5049: $? = 0
configure:5063: aarch64-linux-gnu-gcc -E  conftest.c
conftest.c:11:10: fatal error: ac_nonexistent.h: No such file or directory
   11 | #include <ac_nonexistent.h>
      |          ^~~~~~~~~~~~~~~~~~
compilation terminated.
configure:5063: $? = 1
configure: failed program was:
| /* confdefs.h */
| #define PACKAGE_NAME "alsa-utils"
| #define PACKAGE_TARNAME "alsa-utils"
| #define PACKAGE_VERSION "1.2.6"
| #define PACKAGE_STRING "alsa-utils 1.2.6"
| #define PACKAGE_BUGREPORT ""
| #define PACKAGE_URL ""
| #define PACKAGE "alsa-utils"
| #define VERSION "1.2.6"
| /* end confdefs.h.  */
| #include <ac_nonexistent.h>
configure:5092: checking for grep that handles long lines and -e
configure:5150: result: /bin/grep
configure:5155: checking for egrep
configure:5217: result: /bin/grep -E
configure:5226: checking for ELF binary format
configure:5248: result: yes
configure:5297: checking for the common suffixes of directories in the library search path
configure:5365: result: lib,lib,lib64
configure:5882: checking for CFPreferencesCopyAppValue
configure:5900: aarch64-linux-gnu-gcc -o conftest -g -O2   conftest.c  -Wl,-framework -Wl,CoreFoundation >&5
conftest.c:11:10: fatal error: CoreFoundation/CFPreferences.h: No such file or directory
   11 | #include <CoreFoundation/CFPreferences.h>
      |          ^~~~~~~~~~~~~~~~~~~~~~~~~~~~~~~~
compilation terminated.
configure:5900: $? = 1
configure: failed program was:
| /* confdefs.h */
| #define PACKAGE_NAME "alsa-utils"
| #define PACKAGE_TARNAME "alsa-utils"
| #define PACKAGE_VERSION "1.2.6"
| #define PACKAGE_STRING "alsa-utils 1.2.6"
| #define PACKAGE_BUGREPORT ""
| #define PACKAGE_URL ""
| #define PACKAGE "alsa-utils"
| #define VERSION "1.2.6"
| /* end confdefs.h.  */
| #include <CoreFoundation/CFPreferences.h>
| int
| main ()
| {
| CFPreferencesCopyAppValue(NULL, NULL)
|   ;
|   return 0;
| }
configure:5909: result: no
configure:5916: checking for CFLocaleCopyPreferredLanguages
configure:5934: aarch64-linux-gnu-gcc -o conftest -g -O2   conftest.c  -Wl,-framework -Wl,CoreFoundation >&5
conftest.c:11:10: fatal error: CoreFoundation/CFLocale.h: No such file or directory
   11 | #include <CoreFoundation/CFLocale.h>
      |          ^~~~~~~~~~~~~~~~~~~~~~~~~~~
compilation terminated.
configure:5934: $? = 1
configure: failed program was:
| /* confdefs.h */
| #define PACKAGE_NAME "alsa-utils"
| #define PACKAGE_TARNAME "alsa-utils"
| #define PACKAGE_VERSION "1.2.6"
| #define PACKAGE_STRING "alsa-utils 1.2.6"
| #define PACKAGE_BUGREPORT ""
| #define PACKAGE_URL ""
| #define PACKAGE "alsa-utils"
| #define VERSION "1.2.6"
| /* end confdefs.h.  */
| #include <CoreFoundation/CFLocale.h>
| int
| main ()
| {
| CFLocaleCopyPreferredLanguages();
|   ;
|   return 0;
| }
configure:5943: result: no
configure:5993: checking for GNU gettext in libc
configure:6022: aarch64-linux-gnu-gcc -o conftest -g -O2   conftest.c  >&5
configure:6022: $? = 0
configure:6031: result: yes
configure:6912: checking whether to use NLS
configure:6914: result: yes
configure:6917: checking where the gettext function comes from
configure:6928: result: libc
configure:6996: checking for aarch64-linux-gnu-gcc
configure:7023: result: aarch64-linux-gnu-gcc
configure:7292: checking for C compiler version
configure:7301: aarch64-linux-gnu-gcc --version >&5
aarch64-linux-gnu-gcc (GCC-10.3.0 glibc-2.34 ver100.140 2023-11-23 12:00:00) 10.3.0
Copyright (C) 2020 Free Software Foundation, Inc.
This is free software; see the source for copying conditions.  There is NO
warranty; not even for MERCHANTABILITY or FITNESS FOR A PARTICULAR PURPOSE.

configure:7312: $? = 0
configure:7301: aarch64-linux-gnu-gcc -v >&5
Using built-in specs.
COLLECT_GCC=aarch64-linux-gnu-gcc
COLLECT_LTO_WRAPPER=/home/rpdzkj/sixth/ljswork/hisi/hi351xdv500/cross-compile/aarch64-v01c01-linux-gnu-gcc/bin/../libexec/gcc/aarch64-linux-gnu/10.3.0/lto-wrapper
Target: aarch64-linux-gnu
Configured with: /devcloud/workspace/gcc_source/build/aarch64-linux-glibc/../../open_source/aarch64-linux-glibc_src/gcc-10.3.0/configure --build=x86_64-pc-linux-gnu --host=x86_64-pc-linux-gnu --target=aarch64-linux-gnu --with-arch=armv8-a --prefix=/devcloud/workspace/gcc_source/build/aarch64-linux-glibc/aarch64_linux_glibc_build_dir/aarch64-linux-glibc --enable-symvers=gnu --enable-threads --disable-libmudflap --enable-__cxa_atexit --disable-libssp --enable-gold=yes --disable-libstdcxx-pch --disable-multilib --enable-multiarch --with-gnu-as --with-gnu-ld --enable-libgomp --enable-libatomic --enable-gnu-indirect-function --enable-checking=yes --enable-lto --enable-c99 --enable-long-long --enable-nls --enable-fix-cortex-a53-835769 --enable-fix-cortex-a53-843419 --enable-shared --enable-poison-system-directories --disable-libitm --with-pkgversion='GCC-10.3.0 glibc-2.34 ver100.140 2023-11-23 12:00:00' --enable-languages=c,c++ --with-headers=/devcloud/workspace/gcc_source/build/aarch64-linux-glibc/aarch64_linux_glibc_build_dir/aarch64-linux-glibc/target/usr/include --with-sysroot=/devcloud/workspace/gcc_source/build/aarch64-linux-glibc/aarch64_linux_glibc_build_dir/aarch64-linux-glibc/target --with-build-sysroot=/devcloud/workspace/gcc_source/build/aarch64-linux-glibc/aarch64_linux_glibc_build_dir/aarch64-linux-glibc/target --with-gmp=/devcloud/workspace/gcc_source/build/aarch64-linux-glibc/aarch64_linux_glibc_build_dir/obj/host-libs/usr --with-isl=/devcloud/workspace/gcc_source/build/aarch64-linux-glibc/aarch64_linux_glibc_build_dir/obj/host-libs/usr --with-mpfr=/devcloud/workspace/gcc_source/build/aarch64-linux-glibc/aarch64_linux_glibc_build_dir/obj/host-libs/usr --with-mpc=/devcloud/workspace/gcc_source/build/aarch64-linux-glibc/aarch64_linux_glibc_build_dir/obj/host-libs/usr --with-build-time-tools=/devcloud/workspace/gcc_source/build/aarch64-linux-glibc/aarch64_linux_glibc_build_dir/aarch64-linux-glibc/aarch64-linux-gnu/bin --libdir=/devcloud/workspace/gcc_source/build/aarch64-linux-glibc/aarch64_linux_glibc_build_dir/aarch64-linux-glibc/lib --disable-bootstrap --with-system-zlib
Thread model: posix
Supported LTO compression algorithms: zlib
gcc version 10.3.0 (GCC-10.3.0 glibc-2.34 ver100.140 2023-11-23 12:00:00) 
configure:7312: $? = 0
configure:7301: aarch64-linux-gnu-gcc -V >&5
aarch64-linux-gnu-gcc: error: unrecognized command-line option '-V'
aarch64-linux-gnu-gcc: fatal error: no input files
compilation terminated.
configure:7312: $? = 1
configure:7301: aarch64-linux-gnu-gcc -qversion >&5
aarch64-linux-gnu-gcc: error: unrecognized command-line option '-qversion'; did you mean '--version'?
aarch64-linux-gnu-gcc: fatal error: no input files
compilation terminated.
configure:7312: $? = 1
configure:7316: checking whether we are using the GNU C compiler
configure:7344: result: yes
configure:7353: checking whether aarch64-linux-gnu-gcc accepts -g
configure:7414: result: yes
configure:7431: checking for aarch64-linux-gnu-gcc option to accept ISO C89
configure:7507: result: none needed
configure:7532: checking whether aarch64-linux-gnu-gcc understands -c and -o together
configure:7569: result: yes
configure:7588: checking dependency style of aarch64-linux-gnu-gcc
configure:7699: result: gcc3
configure:7716: checking whether ln -s works
configure:7720: result: yes
configure:7727: checking for a sed that does not truncate output
configure:7791: result: /bin/sed
configure:7807: checking for aarch64-linux-gnu-pkg-config
configure:7840: result: no
configure:7850: checking for pkg-config
configure:7868: found /usr/bin/pkg-config
configure:7880: result: /usr/bin/pkg-config
configure:7892: WARNING: using cross tools not prefixed with host triplet
configure:7905: checking pkg-config is at least version 0.9.0
configure:7908: result: yes
configure:7956: checking for ALSA CFLAGS
configure:7962: result:  -I/home/rpdzkj/sixth/ljswork/hisi/hi351xdv500/work/alsa/alsa-lib-1.2.6.1/install/include/
configure:7965: checking for dlopen in -lc
configure:7990: aarch64-linux-gnu-gcc -o conftest -g -O2 -I/home/rpdzkj/sixth/ljswork/hisi/hi351xdv500/work/alsa/alsa-lib-1.2.6.1/install/include/   conftest.c -lc   >&5
configure:7990: $? = 0
configure:7999: result: yes
configure:8047: checking for ALSA LDFLAGS
configure:8056: result:  -L/home/rpdzkj/sixth/ljswork/hisi/hi351xdv500/work/alsa/alsa-lib-1.2.6.1/install/lib/ -lasound -lm  -lpthread
configure:8061: checking required libasound headers version
configure:8071: result: 1.2.5
configure:8080: checking for libasound headers version >= 1.2.5 (1.2.5)
configure:8127: aarch64-linux-gnu-gcc -c -g -O2 -I/home/rpdzkj/sixth/ljswork/hisi/hi351xdv500/work/alsa/alsa-lib-1.2.6.1/install/include/  conftest.c >&5
configure:8127: $? = 0
configure:8128: result: found.
configure:8151: checking for libatopology (sound headers version > 1.1.9)
configure:8178: aarch64-linux-gnu-gcc -c -g -O2 -I/home/rpdzkj/sixth/ljswork/hisi/hi351xdv500/work/alsa/alsa-lib-1.2.6.1/install/include/  conftest.c >&5
configure:8178: $? = 0
configure:8179: result: yes
configure:8197: checking for snd_ctl_open in -lasound
configure:8222: aarch64-linux-gnu-gcc -o conftest -g -O2 -I/home/rpdzkj/sixth/ljswork/hisi/hi351xdv500/work/alsa/alsa-lib-1.2.6.1/install/include/    -L/home/rpdzkj/sixth/ljswork/hisi/hi351xdv500/work/alsa/alsa-lib-1.2.6.1/install/lib/ conftest.c -lasound   -L/home/rpdzkj/sixth/ljswork/hisi/hi351xdv500/work/alsa/alsa-lib-1.2.6.1/install/lib/ -lasound -lm  -lpthread  >&5
configure:8222: $? = 0
configure:8231: result: yes
configure:8249: checking for snd_tplg_new in -latopology
configure:8274: aarch64-linux-gnu-gcc -o conftest -g -O2 -I/home/rpdzkj/sixth/ljswork/hisi/hi351xdv500/work/alsa/alsa-lib-1.2.6.1/install/include/    -L/home/rpdzkj/sixth/ljswork/hisi/hi351xdv500/work/alsa/alsa-lib-1.2.6.1/install/lib/ conftest.c -latopology  -lasound  -L/home/rpdzkj/sixth/ljswork/hisi/hi351xdv500/work/alsa/alsa-lib-1.2.6.1/install/lib/ -lasound -lm  -lpthread  >&5
configure:8274: $? = 0
configure:8283: result: yes
configure:8323: checking for ALSA topology LDFLAGS
configure:8328: result:  -latopology
configure:8336: checking for snd_ctl_elem_add_enumerated
configure:8336: aarch64-linux-gnu-gcc -o conftest -g -O2 -I/home/rpdzkj/sixth/ljswork/hisi/hi351xdv500/work/alsa/alsa-lib-1.2.6.1/install/include/    -L/home/rpdzkj/sixth/ljswork/hisi/hi351xdv500/work/alsa/alsa-lib-1.2.6.1/install/lib/ conftest.c -lasound -L/home/rpdzkj/sixth/ljswork/hisi/hi351xdv500/work/alsa/alsa-lib-1.2.6.1/install/lib/ -lm -lpthread >&5
configure:8336: $? = 0
configure:8336: result: yes
configure:8347: checking for alsa/pcm.h
configure:8347: aarch64-linux-gnu-gcc -c -g -O2 -I/home/rpdzkj/sixth/ljswork/hisi/hi351xdv500/work/alsa/alsa-lib-1.2.6.1/install/include/  conftest.c >&5
configure:8347: $? = 0
configure:8347: result: yes
configure:8362: checking for alsa/mixer.h
configure:8362: aarch64-linux-gnu-gcc -c -g -O2 -I/home/rpdzkj/sixth/ljswork/hisi/hi351xdv500/work/alsa/alsa-lib-1.2.6.1/install/include/  conftest.c >&5
configure:8362: $? = 0
configure:8362: result: yes
configure:8377: checking for alsa/rawmidi.h
configure:8377: aarch64-linux-gnu-gcc -c -g -O2 -I/home/rpdzkj/sixth/ljswork/hisi/hi351xdv500/work/alsa/alsa-lib-1.2.6.1/install/include/  conftest.c >&5
configure:8377: $? = 0
configure:8377: result: yes
configure:8392: checking for alsa/seq.h
configure:8392: aarch64-linux-gnu-gcc -c -g -O2 -I/home/rpdzkj/sixth/ljswork/hisi/hi351xdv500/work/alsa/alsa-lib-1.2.6.1/install/include/  conftest.c >&5
configure:8392: $? = 0
configure:8392: result: yes
configure:8407: checking for alsa/use-case.h
configure:8407: aarch64-linux-gnu-gcc -c -g -O2 -I/home/rpdzkj/sixth/ljswork/hisi/hi351xdv500/work/alsa/alsa-lib-1.2.6.1/install/include/  conftest.c >&5
configure:8407: $? = 0
configure:8407: result: yes
configure:8422: checking for alsa/topology.h
configure:8422: aarch64-linux-gnu-gcc -c -g -O2 -I/home/rpdzkj/sixth/ljswork/hisi/hi351xdv500/work/alsa/alsa-lib-1.2.6.1/install/include/  conftest.c >&5
configure:8422: $? = 0
configure:8422: result: yes
configure:8437: checking for samplerate.h
configure:8437: aarch64-linux-gnu-gcc -c -g -O2 -I/home/rpdzkj/sixth/ljswork/hisi/hi351xdv500/work/alsa/alsa-lib-1.2.6.1/install/include/  conftest.c >&5
conftest.c:22:10: fatal error: samplerate.h: No such file or directory
   22 | #include <samplerate.h>
      |          ^~~~~~~~~~~~~~
compilation terminated.
configure:8437: $? = 1
configure: failed program was:
| /* confdefs.h */
| #define PACKAGE_NAME "alsa-utils"
| #define PACKAGE_TARNAME "alsa-utils"
| #define PACKAGE_VERSION "1.2.6"
| #define PACKAGE_STRING "alsa-utils 1.2.6"
| #define PACKAGE_BUGREPORT ""
| #define PACKAGE_URL ""
| #define PACKAGE "alsa-utils"
| #define VERSION "1.2.6"
| #define ENABLE_NLS 1
| #define HAVE_GETTEXT 1
| #define HAVE_DCGETTEXT 1
| #define HAVE_LIBASOUND 1
| #define HAVE_LIBATOPOLOGY 1
| #define HAVE_ALSA_PCM_H 1
| #define HAVE_ALSA_MIXER_H 1
| #define HAVE_ALSA_RAWMIDI_H 1
| #define HAVE_ALSA_SEQ_H 1
| #define HAVE_ALSA_USE_CASE_H 1
| #define HAVE_ALSA_TOPOLOGY_H 1
| /* end confdefs.h.  */
| #include <samplerate.h>
| 
| #include <samplerate.h>
configure:8437: result: no
configure:8451: checking for snd_seq_client_info_get_card in -lasound
configure:8476: aarch64-linux-gnu-gcc -o conftest -g -O2 -I/home/rpdzkj/sixth/ljswork/hisi/hi351xdv500/work/alsa/alsa-lib-1.2.6.1/install/include/    -L/home/rpdzkj/sixth/ljswork/hisi/hi351xdv500/work/alsa/alsa-lib-1.2.6.1/install/lib/ conftest.c -lasound  -lasound -L/home/rpdzkj/sixth/ljswork/hisi/hi351xdv500/work/alsa/alsa-lib-1.2.6.1/install/lib/ -lm -lpthread >&5
configure:8476: $? = 0
configure:8485: result: yes
configure:8496: checking for snd_seq_client_info_get_pid in -lasound
configure:8521: aarch64-linux-gnu-gcc -o conftest -g -O2 -I/home/rpdzkj/sixth/ljswork/hisi/hi351xdv500/work/alsa/alsa-lib-1.2.6.1/install/include/    -L/home/rpdzkj/sixth/ljswork/hisi/hi351xdv500/work/alsa/alsa-lib-1.2.6.1/install/lib/ conftest.c -lasound  -lasound -L/home/rpdzkj/sixth/ljswork/hisi/hi351xdv500/work/alsa/alsa-lib-1.2.6.1/install/lib/ -lm -lpthread >&5
configure:8521: $? = 0
configure:8530: result: yes
configure:8541: checking for snd_tplg_save in -latopology
configure:8566: aarch64-linux-gnu-gcc -o conftest -g -O2 -I/home/rpdzkj/sixth/ljswork/hisi/hi351xdv500/work/alsa/alsa-lib-1.2.6.1/install/include/    -L/home/rpdzkj/sixth/ljswork/hisi/hi351xdv500/work/alsa/alsa-lib-1.2.6.1/install/lib/ conftest.c -latopology  -lasound -L/home/rpdzkj/sixth/ljswork/hisi/hi351xdv500/work/alsa/alsa-lib-1.2.6.1/install/lib/ -lm -lpthread >&5
configure:8566: $? = 0
configure:8575: result: yes
configure:8591: checking for ffado_streaming_init in -lffado
configure:8616: aarch64-linux-gnu-gcc -o conftest -g -O2 -I/home/rpdzkj/sixth/ljswork/hisi/hi351xdv500/work/alsa/alsa-lib-1.2.6.1/install/include/    -L/home/rpdzkj/sixth/ljswork/hisi/hi351xdv500/work/alsa/alsa-lib-1.2.6.1/install/lib/ conftest.c -lffado  -lasound -L/home/rpdzkj/sixth/ljswork/hisi/hi351xdv500/work/alsa/alsa-lib-1.2.6.1/install/lib/ -lm -lpthread >&5
/home/rpdzkj/sixth/ljswork/hisi/hi351xdv500/cross-compile/aarch64-v01c01-linux-gnu-gcc/bin/../lib/gcc/aarch64-linux-gnu/10.3.0/../../../../aarch64-linux-gnu/bin/ld: cannot find -lffado: No such file or directory
collect2: error: ld returned 1 exit status
configure:8616: $? = 1
configure: failed program was:
| /* confdefs.h */
| #define PACKAGE_NAME "alsa-utils"
| #define PACKAGE_TARNAME "alsa-utils"
| #define PACKAGE_VERSION "1.2.6"
| #define PACKAGE_STRING "alsa-utils 1.2.6"
| #define PACKAGE_BUGREPORT ""
| #define PACKAGE_URL ""
| #define PACKAGE "alsa-utils"
| #define VERSION "1.2.6"
| #define ENABLE_NLS 1
| #define HAVE_GETTEXT 1
| #define HAVE_DCGETTEXT 1
| #define HAVE_LIBASOUND 1
| #define HAVE_LIBATOPOLOGY 1
| #define HAVE_ALSA_PCM_H 1
| #define HAVE_ALSA_MIXER_H 1
| #define HAVE_ALSA_RAWMIDI_H 1
| #define HAVE_ALSA_SEQ_H 1
| #define HAVE_ALSA_USE_CASE_H 1
| #define HAVE_ALSA_TOPOLOGY_H 1
| #define HAVE_SEQ_CLIENT_INFO_GET_CARD 1
| #define HAVE_SEQ_CLIENT_INFO_GET_PID 1
| /* end confdefs.h.  */
| 
| /* Override any GCC internal prototype to avoid an error.
|    Use char because int might match the return type of a GCC
|    builtin and then its argument prototype would still apply.  */
| #ifdef __cplusplus
| extern "C"
| #endif
| char ffado_streaming_init ();
| int
| main ()
| {
| return ffado_streaming_init ();
|   ;
|   return 0;
| }
configure:8625: result: no
configure:8640: checking for memfd_create
configure:8640: aarch64-linux-gnu-gcc -o conftest -g -O2 -I/home/rpdzkj/sixth/ljswork/hisi/hi351xdv500/work/alsa/alsa-lib-1.2.6.1/install/include/    -L/home/rpdzkj/sixth/ljswork/hisi/hi351xdv500/work/alsa/alsa-lib-1.2.6.1/install/lib/ conftest.c -lasound -L/home/rpdzkj/sixth/ljswork/hisi/hi351xdv500/work/alsa/alsa-lib-1.2.6.1/install/lib/ -lm -lpthread >&5
configure:8640: $? = 0
configure:8640: result: yes
configure:8763: checking for fftwf_malloc in -lfftw3f
configure:8788: aarch64-linux-gnu-gcc -o conftest -g -O2 -I/home/rpdzkj/sixth/ljswork/hisi/hi351xdv500/work/alsa/alsa-lib-1.2.6.1/install/include/    -L/home/rpdzkj/sixth/ljswork/hisi/hi351xdv500/work/alsa/alsa-lib-1.2.6.1/install/lib/ conftest.c -lfftw3f  -lasound -L/home/rpdzkj/sixth/ljswork/hisi/hi351xdv500/work/alsa/alsa-lib-1.2.6.1/install/lib/ -lm -lpthread >&5
/home/rpdzkj/sixth/ljswork/hisi/hi351xdv500/cross-compile/aarch64-v01c01-linux-gnu-gcc/bin/../lib/gcc/aarch64-linux-gnu/10.3.0/../../../../aarch64-linux-gnu/bin/ld: cannot find -lfftw3f: No such file or directory
collect2: error: ld returned 1 exit status
configure:8788: $? = 1
configure: failed program was:
| /* confdefs.h */
| #define PACKAGE_NAME "alsa-utils"
| #define PACKAGE_TARNAME "alsa-utils"
| #define PACKAGE_VERSION "1.2.6"
| #define PACKAGE_STRING "alsa-utils 1.2.6"
| #define PACKAGE_BUGREPORT ""
| #define PACKAGE_URL ""
| #define PACKAGE "alsa-utils"
| #define VERSION "1.2.6"
| #define ENABLE_NLS 1
| #define HAVE_GETTEXT 1
| #define HAVE_DCGETTEXT 1
| #define HAVE_LIBASOUND 1
| #define HAVE_LIBATOPOLOGY 1
| #define HAVE_ALSA_PCM_H 1
| #define HAVE_ALSA_MIXER_H 1
| #define HAVE_ALSA_RAWMIDI_H 1
| #define HAVE_ALSA_SEQ_H 1
| #define HAVE_ALSA_USE_CASE_H 1
| #define HAVE_ALSA_TOPOLOGY_H 1
| #define HAVE_SEQ_CLIENT_INFO_GET_CARD 1
| #define HAVE_SEQ_CLIENT_INFO_GET_PID 1
| #define HAVE_MEMFD_CREATE 1
| /* end confdefs.h.  */
| 
| /* Override any GCC internal prototype to avoid an error.
|    Use char because int might match the return type of a GCC
|    builtin and then its argument prototype would still apply.  */
| #ifdef __cplusplus
| extern "C"
| #endif
| char fftwf_malloc ();
| int
| main ()
| {
| return fftwf_malloc ();
|   ;
|   return 0;
| }
configure:8797: result: no
configure:8861: checking for sqrtf in -lm
configure:8886: aarch64-linux-gnu-gcc -o conftest -g -O2 -I/home/rpdzkj/sixth/ljswork/hisi/hi351xdv500/work/alsa/alsa-lib-1.2.6.1/install/include/    -L/home/rpdzkj/sixth/ljswork/hisi/hi351xdv500/work/alsa/alsa-lib-1.2.6.1/install/lib/ conftest.c -lm  -lasound -L/home/rpdzkj/sixth/ljswork/hisi/hi351xdv500/work/alsa/alsa-lib-1.2.6.1/install/lib/ -lm -lpthread >&5
conftest.c:32:6: warning: conflicting types for built-in function 'sqrtf'; expected 'float(float)' [-Wbuiltin-declaration-mismatch]
   32 | char sqrtf ();
      |      ^~~~~
conftest.c:1:1: note: 'sqrtf' is declared in header '<math.h>'
    1 | /* confdefs.h */
configure:8886: $? = 0
configure:8895: result: yes
configure:8908: checking for pthread_create in -lpthread
configure:8933: aarch64-linux-gnu-gcc -o conftest -g -O2 -I/home/rpdzkj/sixth/ljswork/hisi/hi351xdv500/work/alsa/alsa-lib-1.2.6.1/install/include/    -L/home/rpdzkj/sixth/ljswork/hisi/hi351xdv500/work/alsa/alsa-lib-1.2.6.1/install/lib/ conftest.c -lpthread  -lm -lasound -L/home/rpdzkj/sixth/ljswork/hisi/hi351xdv500/work/alsa/alsa-lib-1.2.6.1/install/lib/ -lm -lpthread >&5
configure:8933: $? = 0
configure:8942: result: yes
configure:8983: checking for librt
configure:8994: checking for clock_gettime in -lrt
configure:9019: aarch64-linux-gnu-gcc -o conftest -g -O2 -I/home/rpdzkj/sixth/ljswork/hisi/hi351xdv500/work/alsa/alsa-lib-1.2.6.1/install/include/    -L/home/rpdzkj/sixth/ljswork/hisi/hi351xdv500/work/alsa/alsa-lib-1.2.6.1/install/lib/ conftest.c -lrt  -lasound -L/home/rpdzkj/sixth/ljswork/hisi/hi351xdv500/work/alsa/alsa-lib-1.2.6.1/install/lib/ -lm -lpthread >&5
configure:9019: $? = 0
configure:9028: result: yes
configure:9181: checking for rst2man
configure:9211: result: no
configure:9241: checking for ANSI C header files
configure:9261: aarch64-linux-gnu-gcc -c -g -O2 -I/home/rpdzkj/sixth/ljswork/hisi/hi351xdv500/work/alsa/alsa-lib-1.2.6.1/install/include/  conftest.c >&5
configure:9261: $? = 0
configure:9345: result: yes
configure:9368: checking for NCURSESW
configure:9605: result: yes
configure:9917: checking for curses library
configure:9919: result: ncursesw
configure:9921: checking for curses header name
configure:9923: result: <ncurses.h>
configure:9925: checking for curses compiler flags
configure:9927: result: -D_GNU_SOURCE -D_DEFAULT_SOURCE -I/home/rpdzkj/sixth/ljswork/hisi/hi351xdv500/work/alsa/ncurses-6.1/install/include/ncursesw -I/home/rpdzkj/sixth/ljswork/hisi/hi351xdv500/work/alsa/ncurses-6.1/install/include
configure:9956: aarch64-linux-gnu-gcc -o conftest -g -O2 -I/home/rpdzkj/sixth/ljswork/hisi/hi351xdv500/work/alsa/alsa-lib-1.2.6.1/install/include/ -D_GNU_SOURCE -D_DEFAULT_SOURCE -I/home/rpdzkj/sixth/ljswork/hisi/hi351xdv500/work/alsa/ncurses-6.1/install/include/ncursesw -I/home/rpdzkj/sixth/ljswork/hisi/hi351xdv500/work/alsa/ncurses-6.1/install/include    -L/home/rpdzkj/sixth/ljswork/hisi/hi351xdv500/work/alsa/alsa-lib-1.2.6.1/install/lib/ conftest.c -L/home/rpdzkj/sixth/ljswork/hisi/hi351xdv500/work/alsa/ncurses-6.1/install/lib -lncursesw -lasound -L/home/rpdzkj/sixth/ljswork/hisi/hi351xdv500/work/alsa/alsa-lib-1.2.6.1/install/lib/ -lm -lpthread >&5
configure:9956: $? = 0
configure:9968: checking for curses NLS support
configure:9995: result: yes
configure:10009: checking for sys/types.h
configure:10009: aarch64-linux-gnu-gcc -c -g -O2 -I/home/rpdzkj/sixth/ljswork/hisi/hi351xdv500/work/alsa/alsa-lib-1.2.6.1/install/include/ -D_GNU_SOURCE -D_DEFAULT_SOURCE -I/home/rpdzkj/sixth/ljswork/hisi/hi351xdv500/work/alsa/ncurses-6.1/install/include/ncursesw -I/home/rpdzkj/sixth/ljswork/hisi/hi351xdv500/work/alsa/ncurses-6.1/install/include  conftest.c >&5
configure:10009: $? = 0
configure:10009: result: yes
configure:10009: checking for sys/stat.h
configure:10009: aarch64-linux-gnu-gcc -c -g -O2 -I/home/rpdzkj/sixth/ljswork/hisi/hi351xdv500/work/alsa/alsa-lib-1.2.6.1/install/include/ -D_GNU_SOURCE -D_DEFAULT_SOURCE -I/home/rpdzkj/sixth/ljswork/hisi/hi351xdv500/work/alsa/ncurses-6.1/install/include/ncursesw -I/home/rpdzkj/sixth/ljswork/hisi/hi351xdv500/work/alsa/ncurses-6.1/install/include  conftest.c >&5
configure:10009: $? = 0
configure:10009: result: yes
configure:10009: checking for stdlib.h
configure:10009: aarch64-linux-gnu-gcc -c -g -O2 -I/home/rpdzkj/sixth/ljswork/hisi/hi351xdv500/work/alsa/alsa-lib-1.2.6.1/install/include/ -D_GNU_SOURCE -D_DEFAULT_SOURCE -I/home/rpdzkj/sixth/ljswork/hisi/hi351xdv500/work/alsa/ncurses-6.1/install/include/ncursesw -I/home/rpdzkj/sixth/ljswork/hisi/hi351xdv500/work/alsa/ncurses-6.1/install/include  conftest.c >&5
configure:10009: $? = 0
configure:10009: result: yes
configure:10009: checking for string.h
configure:10009: aarch64-linux-gnu-gcc -c -g -O2 -I/home/rpdzkj/sixth/ljswork/hisi/hi351xdv500/work/alsa/alsa-lib-1.2.6.1/install/include/ -D_GNU_SOURCE -D_DEFAULT_SOURCE -I/home/rpdzkj/sixth/ljswork/hisi/hi351xdv500/work/alsa/ncurses-6.1/install/include/ncursesw -I/home/rpdzkj/sixth/ljswork/hisi/hi351xdv500/work/alsa/ncurses-6.1/install/include  conftest.c >&5
configure:10009: $? = 0
configure:10009: result: yes
configure:10009: checking for memory.h
configure:10009: aarch64-linux-gnu-gcc -c -g -O2 -I/home/rpdzkj/sixth/ljswork/hisi/hi351xdv500/work/alsa/alsa-lib-1.2.6.1/install/include/ -D_GNU_SOURCE -D_DEFAULT_SOURCE -I/home/rpdzkj/sixth/ljswork/hisi/hi351xdv500/work/alsa/ncurses-6.1/install/include/ncursesw -I/home/rpdzkj/sixth/ljswork/hisi/hi351xdv500/work/alsa/ncurses-6.1/install/include  conftest.c >&5
configure:10009: $? = 0
configure:10009: result: yes
configure:10009: checking for strings.h
configure:10009: aarch64-linux-gnu-gcc -c -g -O2 -I/home/rpdzkj/sixth/ljswork/hisi/hi351xdv500/work/alsa/alsa-lib-1.2.6.1/install/include/ -D_GNU_SOURCE -D_DEFAULT_SOURCE -I/home/rpdzkj/sixth/ljswork/hisi/hi351xdv500/work/alsa/ncurses-6.1/install/include/ncursesw -I/home/rpdzkj/sixth/ljswork/hisi/hi351xdv500/work/alsa/ncurses-6.1/install/include  conftest.c >&5
configure:10009: $? = 0
configure:10009: result: yes
configure:10009: checking for inttypes.h
configure:10009: aarch64-linux-gnu-gcc -c -g -O2 -I/home/rpdzkj/sixth/ljswork/hisi/hi351xdv500/work/alsa/alsa-lib-1.2.6.1/install/include/ -D_GNU_SOURCE -D_DEFAULT_SOURCE -I/home/rpdzkj/sixth/ljswork/hisi/hi351xdv500/work/alsa/ncurses-6.1/install/include/ncursesw -I/home/rpdzkj/sixth/ljswork/hisi/hi351xdv500/work/alsa/ncurses-6.1/install/include  conftest.c >&5
configure:10009: $? = 0
configure:10009: result: yes
configure:10009: checking for stdint.h
configure:10009: aarch64-linux-gnu-gcc -c -g -O2 -I/home/rpdzkj/sixth/ljswork/hisi/hi351xdv500/work/alsa/alsa-lib-1.2.6.1/install/include/ -D_GNU_SOURCE -D_DEFAULT_SOURCE -I/home/rpdzkj/sixth/ljswork/hisi/hi351xdv500/work/alsa/ncurses-6.1/install/include/ncursesw -I/home/rpdzkj/sixth/ljswork/hisi/hi351xdv500/work/alsa/ncurses-6.1/install/include  conftest.c >&5
configure:10009: $? = 0
configure:10009: result: yes
configure:10009: checking for unistd.h
configure:10009: aarch64-linux-gnu-gcc -c -g -O2 -I/home/rpdzkj/sixth/ljswork/hisi/hi351xdv500/work/alsa/alsa-lib-1.2.6.1/install/include/ -D_GNU_SOURCE -D_DEFAULT_SOURCE -I/home/rpdzkj/sixth/ljswork/hisi/hi351xdv500/work/alsa/ncurses-6.1/install/include/ncursesw -I/home/rpdzkj/sixth/ljswork/hisi/hi351xdv500/work/alsa/ncurses-6.1/install/include  conftest.c >&5
configure:10009: $? = 0
configure:10009: result: yes
configure:10024: checking panel.h usability
configure:10024: aarch64-linux-gnu-gcc -c -g -O2 -I/home/rpdzkj/sixth/ljswork/hisi/hi351xdv500/work/alsa/alsa-lib-1.2.6.1/install/include/ -D_GNU_SOURCE -D_DEFAULT_SOURCE -I/home/rpdzkj/sixth/ljswork/hisi/hi351xdv500/work/alsa/ncurses-6.1/install/include/ncursesw -I/home/rpdzkj/sixth/ljswork/hisi/hi351xdv500/work/alsa/ncurses-6.1/install/include  conftest.c >&5
configure:10024: $? = 0
configure:10024: result: yes
configure:10024: checking panel.h presence
configure:10024: aarch64-linux-gnu-gcc -E  conftest.c
conftest.c:41:10: fatal error: panel.h: No such file or directory
   41 | #include <panel.h>
      |          ^~~~~~~~~
compilation terminated.
configure:10024: $? = 1
configure: failed program was:
| /* confdefs.h */
| #define PACKAGE_NAME "alsa-utils"
| #define PACKAGE_TARNAME "alsa-utils"
| #define PACKAGE_VERSION "1.2.6"
| #define PACKAGE_STRING "alsa-utils 1.2.6"
| #define PACKAGE_BUGREPORT ""
| #define PACKAGE_URL ""
| #define PACKAGE "alsa-utils"
| #define VERSION "1.2.6"
| #define ENABLE_NLS 1
| #define HAVE_GETTEXT 1
| #define HAVE_DCGETTEXT 1
| #define HAVE_LIBASOUND 1
| #define HAVE_LIBATOPOLOGY 1
| #define HAVE_ALSA_PCM_H 1
| #define HAVE_ALSA_MIXER_H 1
| #define HAVE_ALSA_RAWMIDI_H 1
| #define HAVE_ALSA_SEQ_H 1
| #define HAVE_ALSA_USE_CASE_H 1
| #define HAVE_ALSA_TOPOLOGY_H 1
| #define HAVE_SEQ_CLIENT_INFO_GET_CARD 1
| #define HAVE_SEQ_CLIENT_INFO_GET_PID 1
| #define HAVE_MEMFD_CREATE 1
| #define HAVE_LIBM 1
| #define HAVE_LIBPTHREAD 1
| #define HAVE_LIBRT 1
| #define HAVE_CLOCK_GETTIME 1
| #define STDC_HEADERS 1
| #define HAVE_CURSES_ESCDELAY 1
| #define ENABLE_NLS_IN_CURSES 1
| #define HAVE_SYS_TYPES_H 1
| #define HAVE_SYS_STAT_H 1
| #define HAVE_STDLIB_H 1
| #define HAVE_STRING_H 1
| #define HAVE_MEMORY_H 1
| #define HAVE_STRINGS_H 1
| #define HAVE_INTTYPES_H 1
| #define HAVE_STDINT_H 1
| #define HAVE_UNISTD_H 1
| /* end confdefs.h.  */
| #include <panel.h>
configure:10024: result: no
configure:10024: WARNING: panel.h: accepted by the compiler, rejected by the preprocessor!
configure:10024: WARNING: panel.h: proceeding with the compiler's result
configure:10024: checking for panel.h
configure:10024: result: yes
configure:10024: checking menu.h usability
configure:10024: aarch64-linux-gnu-gcc -c -g -O2 -I/home/rpdzkj/sixth/ljswork/hisi/hi351xdv500/work/alsa/alsa-lib-1.2.6.1/install/include/ -D_GNU_SOURCE -D_DEFAULT_SOURCE -I/home/rpdzkj/sixth/ljswork/hisi/hi351xdv500/work/alsa/ncurses-6.1/install/include/ncursesw -I/home/rpdzkj/sixth/ljswork/hisi/hi351xdv500/work/alsa/ncurses-6.1/install/include  conftest.c >&5
configure:10024: $? = 0
configure:10024: result: yes
configure:10024: checking menu.h presence
configure:10024: aarch64-linux-gnu-gcc -E  conftest.c
conftest.c:42:10: fatal error: menu.h: No such file or directory
   42 | #include <menu.h>
      |          ^~~~~~~~
compilation terminated.
configure:10024: $? = 1
configure: failed program was:
| /* confdefs.h */
| #define PACKAGE_NAME "alsa-utils"
| #define PACKAGE_TARNAME "alsa-utils"
| #define PACKAGE_VERSION "1.2.6"
| #define PACKAGE_STRING "alsa-utils 1.2.6"
| #define PACKAGE_BUGREPORT ""
| #define PACKAGE_URL ""
| #define PACKAGE "alsa-utils"
| #define VERSION "1.2.6"
| #define ENABLE_NLS 1
| #define HAVE_GETTEXT 1
| #define HAVE_DCGETTEXT 1
| #define HAVE_LIBASOUND 1
| #define HAVE_LIBATOPOLOGY 1
| #define HAVE_ALSA_PCM_H 1
| #define HAVE_ALSA_MIXER_H 1
| #define HAVE_ALSA_RAWMIDI_H 1
| #define HAVE_ALSA_SEQ_H 1
| #define HAVE_ALSA_USE_CASE_H 1
| #define HAVE_ALSA_TOPOLOGY_H 1
| #define HAVE_SEQ_CLIENT_INFO_GET_CARD 1
| #define HAVE_SEQ_CLIENT_INFO_GET_PID 1
| #define HAVE_MEMFD_CREATE 1
| #define HAVE_LIBM 1
| #define HAVE_LIBPTHREAD 1
| #define HAVE_LIBRT 1
| #define HAVE_CLOCK_GETTIME 1
| #define STDC_HEADERS 1
| #define HAVE_CURSES_ESCDELAY 1
| #define ENABLE_NLS_IN_CURSES 1
| #define HAVE_SYS_TYPES_H 1
| #define HAVE_SYS_STAT_H 1
| #define HAVE_STDLIB_H 1
| #define HAVE_STRING_H 1
| #define HAVE_MEMORY_H 1
| #define HAVE_STRINGS_H 1
| #define HAVE_INTTYPES_H 1
| #define HAVE_STDINT_H 1
| #define HAVE_UNISTD_H 1
| #define HAVE_PANEL_H 1
| /* end confdefs.h.  */
| #include <menu.h>
configure:10024: result: no
configure:10024: WARNING: menu.h: accepted by the compiler, rejected by the preprocessor!
configure:10024: WARNING: menu.h: proceeding with the compiler's result
configure:10024: checking for menu.h
configure:10024: result: yes
configure:10024: checking form.h usability
configure:10024: aarch64-linux-gnu-gcc -c -g -O2 -I/home/rpdzkj/sixth/ljswork/hisi/hi351xdv500/work/alsa/alsa-lib-1.2.6.1/install/include/ -D_GNU_SOURCE -D_DEFAULT_SOURCE -I/home/rpdzkj/sixth/ljswork/hisi/hi351xdv500/work/alsa/ncurses-6.1/install/include/ncursesw -I/home/rpdzkj/sixth/ljswork/hisi/hi351xdv500/work/alsa/ncurses-6.1/install/include  conftest.c >&5
configure:10024: $? = 0
configure:10024: result: yes
configure:10024: checking form.h presence
configure:10024: aarch64-linux-gnu-gcc -E  conftest.c
conftest.c:43:10: fatal error: form.h: No such file or directory
   43 | #include <form.h>
      |          ^~~~~~~~
compilation terminated.
configure:10024: $? = 1
configure: failed program was:
| /* confdefs.h */
| #define PACKAGE_NAME "alsa-utils"
| #define PACKAGE_TARNAME "alsa-utils"
| #define PACKAGE_VERSION "1.2.6"
| #define PACKAGE_STRING "alsa-utils 1.2.6"
| #define PACKAGE_BUGREPORT ""
| #define PACKAGE_URL ""
| #define PACKAGE "alsa-utils"
| #define VERSION "1.2.6"
| #define ENABLE_NLS 1
| #define HAVE_GETTEXT 1
| #define HAVE_DCGETTEXT 1
| #define HAVE_LIBASOUND 1
| #define HAVE_LIBATOPOLOGY 1
| #define HAVE_ALSA_PCM_H 1
| #define HAVE_ALSA_MIXER_H 1
| #define HAVE_ALSA_RAWMIDI_H 1
| #define HAVE_ALSA_SEQ_H 1
| #define HAVE_ALSA_USE_CASE_H 1
| #define HAVE_ALSA_TOPOLOGY_H 1
| #define HAVE_SEQ_CLIENT_INFO_GET_CARD 1
| #define HAVE_SEQ_CLIENT_INFO_GET_PID 1
| #define HAVE_MEMFD_CREATE 1
| #define HAVE_LIBM 1
| #define HAVE_LIBPTHREAD 1
| #define HAVE_LIBRT 1
| #define HAVE_CLOCK_GETTIME 1
| #define STDC_HEADERS 1
| #define HAVE_CURSES_ESCDELAY 1
| #define ENABLE_NLS_IN_CURSES 1
| #define HAVE_SYS_TYPES_H 1
| #define HAVE_SYS_STAT_H 1
| #define HAVE_STDLIB_H 1
| #define HAVE_STRING_H 1
| #define HAVE_MEMORY_H 1
| #define HAVE_STRINGS_H 1
| #define HAVE_INTTYPES_H 1
| #define HAVE_STDINT_H 1
| #define HAVE_UNISTD_H 1
| #define HAVE_PANEL_H 1
| #define HAVE_MENU_H 1
| /* end confdefs.h.  */
| #include <form.h>
configure:10024: result: no
configure:10024: WARNING: form.h: accepted by the compiler, rejected by the preprocessor!
configure:10024: WARNING: form.h: proceeding with the compiler's result
configure:10024: checking for form.h
configure:10024: result: yes
configure:10037: checking for new_panel in -lpanelw
configure:10062: aarch64-linux-gnu-gcc -o conftest -g -O2 -I/home/rpdzkj/sixth/ljswork/hisi/hi351xdv500/work/alsa/alsa-lib-1.2.6.1/install/include/ -D_GNU_SOURCE -D_DEFAULT_SOURCE -I/home/rpdzkj/sixth/ljswork/hisi/hi351xdv500/work/alsa/ncurses-6.1/install/include/ncursesw -I/home/rpdzkj/sixth/ljswork/hisi/hi351xdv500/work/alsa/ncurses-6.1/install/include    -L/home/rpdzkj/sixth/ljswork/hisi/hi351xdv500/work/alsa/alsa-lib-1.2.6.1/install/lib/ conftest.c -lpanelw  -L/home/rpdzkj/sixth/ljswork/hisi/hi351xdv500/work/alsa/ncurses-6.1/install/lib -lncursesw -lasound -L/home/rpdzkj/sixth/ljswork/hisi/hi351xdv500/work/alsa/alsa-lib-1.2.6.1/install/lib/ -lm -lpthread >&5
configure:10062: $? = 0
configure:10072: result: yes
configure:10081: checking for new_menu in -lmenuw
configure:10106: aarch64-linux-gnu-gcc -o conftest -g -O2 -I/home/rpdzkj/sixth/ljswork/hisi/hi351xdv500/work/alsa/alsa-lib-1.2.6.1/install/include/ -D_GNU_SOURCE -D_DEFAULT_SOURCE -I/home/rpdzkj/sixth/ljswork/hisi/hi351xdv500/work/alsa/ncurses-6.1/install/include/ncursesw -I/home/rpdzkj/sixth/ljswork/hisi/hi351xdv500/work/alsa/ncurses-6.1/install/include    -L/home/rpdzkj/sixth/ljswork/hisi/hi351xdv500/work/alsa/alsa-lib-1.2.6.1/install/lib/ conftest.c -lmenuw  -L/home/rpdzkj/sixth/ljswork/hisi/hi351xdv500/work/alsa/ncurses-6.1/install/lib -lncursesw -lasound -L/home/rpdzkj/sixth/ljswork/hisi/hi351xdv500/work/alsa/alsa-lib-1.2.6.1/install/lib/ -lm -lpthread >&5
configure:10106: $? = 0
configure:10116: result: yes
configure:10125: checking for new_form in -lformw
configure:10150: aarch64-linux-gnu-gcc -o conftest -g -O2 -I/home/rpdzkj/sixth/ljswork/hisi/hi351xdv500/work/alsa/alsa-lib-1.2.6.1/install/include/ -D_GNU_SOURCE -D_DEFAULT_SOURCE -I/home/rpdzkj/sixth/ljswork/hisi/hi351xdv500/work/alsa/ncurses-6.1/install/include/ncursesw -I/home/rpdzkj/sixth/ljswork/hisi/hi351xdv500/work/alsa/ncurses-6.1/install/include    -L/home/rpdzkj/sixth/ljswork/hisi/hi351xdv500/work/alsa/alsa-lib-1.2.6.1/install/lib/ conftest.c -lformw  -L/home/rpdzkj/sixth/ljswork/hisi/hi351xdv500/work/alsa/ncurses-6.1/install/lib -lncursesw -lasound -L/home/rpdzkj/sixth/ljswork/hisi/hi351xdv500/work/alsa/alsa-lib-1.2.6.1/install/lib/ -lm -lpthread >&5
configure:10150: $? = 0
configure:10160: result: yes
configure:10177: checking for curses linker flags
configure:10179: result: -lformw -lmenuw -lpanelw -L/home/rpdzkj/sixth/ljswork/hisi/hi351xdv500/work/alsa/ncurses-6.1/install/lib -lncursesw
configure:10223: checking for an ANSI C-conforming const
configure:10289: aarch64-linux-gnu-gcc -c -g -O2 -I/home/rpdzkj/sixth/ljswork/hisi/hi351xdv500/work/alsa/alsa-lib-1.2.6.1/install/include/  conftest.c >&5
configure:10289: $? = 0
configure:10296: result: yes
configure:10304: checking for inline
configure:10320: aarch64-linux-gnu-gcc -c -g -O2 -I/home/rpdzkj/sixth/ljswork/hisi/hi351xdv500/work/alsa/alsa-lib-1.2.6.1/install/include/  conftest.c >&5
configure:10320: $? = 0
configure:10328: result: inline
configure:10346: checking whether time.h and sys/time.h may both be included
configure:10366: aarch64-linux-gnu-gcc -c -g -O2 -I/home/rpdzkj/sixth/ljswork/hisi/hi351xdv500/work/alsa/alsa-lib-1.2.6.1/install/include/  conftest.c >&5
configure:10366: $? = 0
configure:10373: result: yes
configure:10383: checking whether aarch64-linux-gnu-gcc needs -traditional
configure:10417: result: no
configure:10432: checking for special C compiler options needed for large files
configure:10477: result: no
configure:10483: checking for _FILE_OFFSET_BITS value needed for large files
configure:10508: aarch64-linux-gnu-gcc -c -g -O2 -I/home/rpdzkj/sixth/ljswork/hisi/hi351xdv500/work/alsa/alsa-lib-1.2.6.1/install/include/  conftest.c >&5
configure:10508: $? = 0
configure:10540: result: no
configure:10647: checking for SYSTEMD
configure:10654: $PKG_CONFIG --exists --print-errors "systemd >= 18"
configure:10657: $? = 0
configure:10671: $PKG_CONFIG --exists --print-errors "systemd >= 18"
configure:10674: $? = 0
configure:10712: result: yes
configure:10889: checking that generated files are newer than configure
configure:10895: result: done
configure:10994: creating ./config.status

## ---------------------- ##
## Running config.status. ##
## ---------------------- ##

This file was extended by alsa-utils config.status 1.2.6, which was
generated by GNU Autoconf 2.69.  Invocation command line was

  CONFIG_FILES    = 
  CONFIG_HEADERS  = 
  CONFIG_LINKS    = 
  CONFIG_COMMANDS = 
  $ ./config.status 

on rpdzkj

config.status:1019: creating Makefile
config.status:1019: creating alsactl/Makefile
config.status:1019: creating alsactl/init/Makefile
config.status:1019: creating alsamixer/Makefile
config.status:1019: creating amidi/Makefile
config.status:1019: creating amixer/Makefile
config.status:1019: creating m4/Makefile
config.status:1019: creating po/Makefile.in
config.status:1019: creating alsaconf/alsaconf
config.status:1019: creating alsaconf/Makefile
config.status:1019: creating alsaconf/po/Makefile
config.status:1127: WARNING:  'alsaconf/po/Makefile.in' seems to ignore the --datarootdir setting
config.status:1019: creating alsaucm/Makefile
config.status:1019: creating topology/Makefile
config.status:1019: creating bat/Makefile
config.status:1019: creating bat/tests/Makefile
config.status:1019: creating bat/tests/asound_state/Makefile
config.status:1019: creating aplay/Makefile
config.status:1019: creating include/Makefile
config.status:1019: creating iecset/Makefile
config.status:1019: creating utils/Makefile
config.status:1019: creating utils/alsa-utils.spec
config.status:1019: creating seq/Makefile
config.status:1019: creating seq/aconnect/Makefile
config.status:1019: creating seq/aplaymidi/Makefile
config.status:1019: creating seq/aseqdump/Makefile
config.status:1019: creating seq/aseqnet/Makefile
config.status:1019: creating speaker-test/Makefile
config.status:1019: creating speaker-test/samples/Makefile
config.status:1019: creating alsaloop/Makefile
config.status:1019: creating alsa-info/Makefile
config.status:1019: creating axfer/Makefile
config.status:1019: creating axfer/test/Makefile
config.status:1019: creating include/aconfig.h
config.status:1200: include/aconfig.h is unchanged
config.status:1248: executing po-directories commands
config.status:1248: executing depfiles commands
config.status:1436: cd alsactl       && sed -e '/# am--include-marker/d' Makefile         | make -f - am--depfiles
make: Nothing to be done for 'am--depfiles'.
config.status:1441: $? = 0
config.status:1436: cd alsamixer       && sed -e '/# am--include-marker/d' Makefile         | make -f - am--depfiles
make: Nothing to be done for 'am--depfiles'.
config.status:1441: $? = 0
config.status:1436: cd amidi       && sed -e '/# am--include-marker/d' Makefile         | make -f - am--depfiles
make: Nothing to be done for 'am--depfiles'.
config.status:1441: $? = 0
config.status:1436: cd amixer       && sed -e '/# am--include-marker/d' Makefile         | make -f - am--depfiles
make: Nothing to be done for 'am--depfiles'.
config.status:1441: $? = 0
config.status:1436: cd alsaucm       && sed -e '/# am--include-marker/d' Makefile         | make -f - am--depfiles
make: Nothing to be done for 'am--depfiles'.
config.status:1441: $? = 0
config.status:1436: cd topology       && sed -e '/# am--include-marker/d' Makefile         | make -f - am--depfiles
make: Nothing to be done for 'am--depfiles'.
config.status:1441: $? = 0
config.status:1436: cd bat       && sed -e '/# am--include-marker/d' Makefile         | make -f - am--depfiles
make: Nothing to be done for 'am--depfiles'.
config.status:1441: $? = 0
config.status:1436: cd aplay       && sed -e '/# am--include-marker/d' Makefile         | make -f - am--depfiles
make: Nothing to be done for 'am--depfiles'.
config.status:1441: $? = 0
config.status:1436: cd iecset       && sed -e '/# am--include-marker/d' Makefile         | make -f - am--depfiles
make: Nothing to be done for 'am--depfiles'.
config.status:1441: $? = 0
config.status:1436: cd seq/aconnect       && sed -e '/# am--include-marker/d' Makefile         | make -f - am--depfiles
make: Nothing to be done for 'am--depfiles'.
config.status:1441: $? = 0
config.status:1436: cd seq/aplaymidi       && sed -e '/# am--include-marker/d' Makefile         | make -f - am--depfiles
make: Nothing to be done for 'am--depfiles'.
config.status:1441: $? = 0
config.status:1436: cd seq/aseqdump       && sed -e '/# am--include-marker/d' Makefile         | make -f - am--depfiles
make: Nothing to be done for 'am--depfiles'.
config.status:1441: $? = 0
config.status:1436: cd seq/aseqnet       && sed -e '/# am--include-marker/d' Makefile         | make -f - am--depfiles
make: Nothing to be done for 'am--depfiles'.
config.status:1441: $? = 0
config.status:1436: cd speaker-test       && sed -e '/# am--include-marker/d' Makefile         | make -f - am--depfiles
make: Nothing to be done for 'am--depfiles'.
config.status:1441: $? = 0
config.status:1436: cd alsaloop       && sed -e '/# am--include-marker/d' Makefile         | make -f - am--depfiles
make: Nothing to be done for 'am--depfiles'.
config.status:1441: $? = 0
config.status:1436: cd axfer       && sed -e '/# am--include-marker/d' Makefile         | make -f - am--depfiles
make: Nothing to be done for 'am--depfiles'.
config.status:1441: $? = 0
config.status:1436: cd axfer/test       && sed -e '/# am--include-marker/d' Makefile         | make -f - am--depfiles
make: Nothing to be done for 'am--depfiles'.
config.status:1441: $? = 0

## ---------------- ##
## Cache variables. ##
## ---------------- ##

ac_cv_build=x86_64-pc-linux-gnu
ac_cv_c_compiler_gnu=yes
ac_cv_c_const=yes
ac_cv_c_inline=inline
ac_cv_env_CC_set=set
ac_cv_env_CC_value=aarch64-linux-gnu-gcc
ac_cv_env_CFLAGS_set=
ac_cv_env_CFLAGS_value=
ac_cv_env_CPPFLAGS_set=
ac_cv_env_CPPFLAGS_value=
ac_cv_env_CPP_set=
ac_cv_env_CPP_value=
ac_cv_env_LDFLAGS_set=
ac_cv_env_LDFLAGS_value=
ac_cv_env_LIBS_set=
ac_cv_env_LIBS_value=
ac_cv_env_NCURSESW_CFLAGS_set=set
ac_cv_env_NCURSESW_CFLAGS_value='-D_GNU_SOURCE -D_DEFAULT_SOURCE -I/home/rpdzkj/sixth/ljswork/hisi/hi351xdv500/work/alsa/ncurses-6.1/install/include/ncursesw -I/home/rpdzkj/sixth/ljswork/hisi/hi351xdv500/work/alsa/ncurses-6.1/install/include'
ac_cv_env_NCURSESW_LIBS_set=set
ac_cv_env_NCURSESW_LIBS_value='-L/home/rpdzkj/sixth/ljswork/hisi/hi351xdv500/work/alsa/ncurses-6.1/install/lib -lncursesw'
ac_cv_env_NCURSES_CFLAGS_set=
ac_cv_env_NCURSES_CFLAGS_value=
ac_cv_env_NCURSES_LIBS_set=
ac_cv_env_NCURSES_LIBS_value=
ac_cv_env_PKG_CONFIG_LIBDIR_set=
ac_cv_env_PKG_CONFIG_LIBDIR_value=
ac_cv_env_PKG_CONFIG_PATH_set=
ac_cv_env_PKG_CONFIG_PATH_value=
ac_cv_env_PKG_CONFIG_set=
ac_cv_env_PKG_CONFIG_value=
ac_cv_env_SYSTEMD_CFLAGS_set=
ac_cv_env_SYSTEMD_CFLAGS_value=
ac_cv_env_SYSTEMD_LIBS_set=
ac_cv_env_SYSTEMD_LIBS_value=
ac_cv_env_build_alias_set=
ac_cv_env_build_alias_value=
ac_cv_env_host_alias_set=set
ac_cv_env_host_alias_value=aarch64-linux-gnu
ac_cv_env_target_alias_set=
ac_cv_env_target_alias_value=
ac_cv_func_memfd_create=yes
ac_cv_func_snd_ctl_elem_add_enumerated=yes
ac_cv_header_alsa_mixer_h=yes
ac_cv_header_alsa_pcm_h=yes
ac_cv_header_alsa_rawmidi_h=yes
ac_cv_header_alsa_seq_h=yes
ac_cv_header_alsa_topology_h=yes
ac_cv_header_alsa_use_case_h=yes
ac_cv_header_form_h=yes
ac_cv_header_inttypes_h=yes
ac_cv_header_memory_h=yes
ac_cv_header_menu_h=yes
ac_cv_header_panel_h=yes
ac_cv_header_samplerate_h=no
ac_cv_header_stdc=yes
ac_cv_header_stdint_h=yes
ac_cv_header_stdlib_h=yes
ac_cv_header_string_h=yes
ac_cv_header_strings_h=yes
ac_cv_header_sys_stat_h=yes
ac_cv_header_sys_types_h=yes
ac_cv_header_time=yes
ac_cv_header_unistd_h=yes
ac_cv_host=aarch64-unknown-linux-gnu
ac_cv_lib_asound_snd_ctl_open=yes
ac_cv_lib_asound_snd_seq_client_info_get_card=yes
ac_cv_lib_asound_snd_seq_client_info_get_pid=yes
ac_cv_lib_atopology_snd_tplg_new=yes
ac_cv_lib_atopology_snd_tplg_save=yes
ac_cv_lib_c_dlopen=yes
ac_cv_lib_ffado_ffado_streaming_init=no
ac_cv_lib_fftw3f_fftwf_malloc=no
ac_cv_lib_formw___new_form=yes
ac_cv_lib_m_sqrtf=yes
ac_cv_lib_menuw___new_menu=yes
ac_cv_lib_panelw___new_panel=yes
ac_cv_lib_pthread_pthread_create=yes
ac_cv_lib_rt_clock_gettime=yes
ac_cv_objext=o
ac_cv_path_EGREP='/bin/grep -E'
ac_cv_path_GMSGFMT=/usr/bin/msgfmt
ac_cv_path_GREP=/bin/grep
ac_cv_path_MSGFMT=/usr/bin/msgfmt
ac_cv_path_MSGMERGE=/usr/bin/msgmerge
ac_cv_path_SED=/bin/sed
ac_cv_path_XGETTEXT=/usr/bin/xgettext
ac_cv_path_ac_pt_PKG_CONFIG=/usr/bin/pkg-config
ac_cv_path_install='/usr/bin/install -c'
ac_cv_path_mkdir=/bin/mkdir
ac_cv_prog_AWK=gawk
ac_cv_prog_CC=aarch64-linux-gnu-gcc
ac_cv_prog_CPP='aarch64-linux-gnu-gcc -E'
ac_cv_prog_STRIP=aarch64-linux-gnu-strip
ac_cv_prog_cc_c89=
ac_cv_prog_cc_g=yes
ac_cv_prog_gcc_traditional=no
ac_cv_prog_make_make_set=yes
ac_cv_sys_file_offset_bits=no
ac_cv_sys_largefile_CC=no
acl_cv_hardcode_direct=no
acl_cv_hardcode_libdir_flag_spec='${wl}-rpath ${wl}$libdir'
acl_cv_hardcode_libdir_separator=
acl_cv_hardcode_minus_L=no
acl_cv_libdirstems=lib,lib,lib64
acl_cv_libext=a
acl_cv_libname_spec='lib$name'
acl_cv_library_names_spec='$libname$shrext'
acl_cv_prog_gnu_ld=yes
acl_cv_rpath=done
acl_cv_shlibext=so
acl_cv_wl=-Wl,
am_cv_CC_dependencies_compiler_type=gcc3
am_cv_make_support_nested_variables=yes
am_cv_prog_cc_c_o=yes
gl_cv_elf=yes
gl_cv_host_cpu_c_abi_32bit=no
gt_cv_func_CFLocaleCopyPreferredLanguages=no
gt_cv_func_CFPreferencesCopyAppValue=no
gt_cv_func_gnugettext1_libc=yes
pkg_cv_NCURSESW_CFLAGS='-D_GNU_SOURCE -D_DEFAULT_SOURCE -I/home/rpdzkj/sixth/ljswork/hisi/hi351xdv500/work/alsa/ncurses-6.1/install/include/ncursesw -I/home/rpdzkj/sixth/ljswork/hisi/hi351xdv500/work/alsa/ncurses-6.1/install/include'
pkg_cv_NCURSESW_LIBS='-L/home/rpdzkj/sixth/ljswork/hisi/hi351xdv500/work/alsa/ncurses-6.1/install/lib -lncursesw'
pkg_cv_SYSTEMD_CFLAGS=
pkg_cv_SYSTEMD_LIBS=

## ----------------- ##
## Output variables. ##
## ----------------- ##

ACLOCAL='${SHELL} /home/rpdzkj/sixth/ljswork/hisi/hi351xdv500/work/alsa/alsa-utils-1.2.6/missing aclocal-1.16'
ALSACONF_FALSE='#'
ALSACONF_TRUE=''
ALSACTL_DAEMONSWITCH='/etc/alsa/state-daemon.conf'
ALSACTL_PIDFILE_DIR='/var/run'
ALSALOOP_FALSE='#'
ALSALOOP_TRUE=''
ALSAMIXER_FALSE='#'
ALSAMIXER_TRUE=''
ALSA_CFLAGS=' -I/home/rpdzkj/sixth/ljswork/hisi/hi351xdv500/work/alsa/alsa-lib-1.2.6.1/install/include/'
ALSA_LIBS=' -L/home/rpdzkj/sixth/ljswork/hisi/hi351xdv500/work/alsa/alsa-lib-1.2.6.1/install/lib/ -lasound -lm  -lpthread'
ALSA_TOPOLOGY_LIBS=' -latopology'
AMDEPBACKSLASH='\'
AMDEP_FALSE='#'
AMDEP_TRUE=''
AMTAR='$${TAR-tar}'
AM_BACKSLASH='\'
AM_DEFAULT_V='$(AM_DEFAULT_VERBOSITY)'
AM_DEFAULT_VERBOSITY='1'
AM_V='$(V)'
ASOUND_LOCK_DIR='/var/lock'
ASOUND_STATE_DIR='/var/lib/alsa'
AUTOCONF='${SHELL} /home/rpdzkj/sixth/ljswork/hisi/hi351xdv500/work/alsa/alsa-utils-1.2.6/missing autoconf'
AUTOHEADER='${SHELL} /home/rpdzkj/sixth/ljswork/hisi/hi351xdv500/work/alsa/alsa-utils-1.2.6/missing autoheader'
AUTOMAKE='${SHELL} /home/rpdzkj/sixth/ljswork/hisi/hi351xdv500/work/alsa/alsa-utils-1.2.6/missing automake-1.16'
AWK='gawk'
BAT_FALSE='#'
BAT_TRUE=''
CC='aarch64-linux-gnu-gcc'
CCDEPMODE='depmode=gcc3'
CFLAGS='-g -O2 -I/home/rpdzkj/sixth/ljswork/hisi/hi351xdv500/work/alsa/alsa-lib-1.2.6.1/install/include/'
CPP='aarch64-linux-gnu-gcc -E'
CPPFLAGS=''
CURSESINC='<ncurses.h>'
CURSESLIB='-lformw -lmenuw -lpanelw -L/home/rpdzkj/sixth/ljswork/hisi/hi351xdv500/work/alsa/ncurses-6.1/install/lib -lncursesw'
CURSES_CFLAGS='-D_GNU_SOURCE -D_DEFAULT_SOURCE -I/home/rpdzkj/sixth/ljswork/hisi/hi351xdv500/work/alsa/ncurses-6.1/install/include/ncursesw -I/home/rpdzkj/sixth/ljswork/hisi/hi351xdv500/work/alsa/ncurses-6.1/install/include'
CYGPATH_W='echo'
DEFS='-DHAVE_CONFIG_H'
DEPDIR='.deps'
ECHO_C=''
ECHO_N='-n'
ECHO_T=''
EGREP='/bin/grep -E'
EXEEXT=''
FFTW_CFLAGS='-g -O2 -I/home/rpdzkj/sixth/ljswork/hisi/hi351xdv500/work/alsa/alsa-lib-1.2.6.1/install/include/'
FFTW_INC=''
FFTW_LIB='-lpthread -lm -lasound -L/home/rpdzkj/sixth/ljswork/hisi/hi351xdv500/work/alsa/alsa-lib-1.2.6.1/install/lib/ -lm -lpthread'
GETTEXT_MACRO_VERSION='0.20'
GMSGFMT='/usr/bin/msgfmt'
GMSGFMT_015='/usr/bin/msgfmt'
GREP='/bin/grep'
HAVE_FFADO_FALSE=''
HAVE_FFADO_TRUE='#'
HAVE_LIBFFTW3_FALSE=''
HAVE_LIBFFTW3_TRUE='#'
HAVE_LIBTINYALSA_FALSE=''
HAVE_LIBTINYALSA_TRUE='#'
HAVE_MIXER_FALSE='#'
HAVE_MIXER_TRUE=''
HAVE_PCM_FALSE='#'
HAVE_PCM_TRUE=''
HAVE_RAWMIDI_FALSE='#'
HAVE_RAWMIDI_TRUE=''
HAVE_SAMPLERATE_FALSE=''
HAVE_SAMPLERATE_TRUE='#'
HAVE_SEQ_FALSE='#'
HAVE_SEQ_TRUE=''
HAVE_SYSTEMD_FALSE='#'
HAVE_SYSTEMD_TRUE=''
HAVE_TOPOLOGY_FALSE='#'
HAVE_TOPOLOGY_TRUE=''
HAVE_UCM_FALSE='#'
HAVE_UCM_TRUE=''
INSTALL_DATA='${INSTALL} -m 644'
INSTALL_PROGRAM='${INSTALL}'
INSTALL_SCRIPT='${INSTALL}'
INSTALL_STRIP_PROGRAM='$(install_sh) -c -s'
INTLLIBS=''
INTL_MACOSX_LIBS=''
LDFLAGS='  -L/home/rpdzkj/sixth/ljswork/hisi/hi351xdv500/work/alsa/alsa-lib-1.2.6.1/install/lib/'
LIBICONV='-liconv'
LIBINTL=''
LIBOBJS=''
LIBRT='-lrt'
LIBS='-lasound -L/home/rpdzkj/sixth/ljswork/hisi/hi351xdv500/work/alsa/alsa-lib-1.2.6.1/install/lib/ -lm -lpthread'
LN_S='ln -s'
LTLIBICONV='-liconv'
LTLIBINTL=''
LTLIBOBJS=''
MAINT=''
MAINTAINER_MODE_FALSE='#'
MAINTAINER_MODE_TRUE=''
MAKEINFO='${SHELL} /home/rpdzkj/sixth/ljswork/hisi/hi351xdv500/work/alsa/alsa-utils-1.2.6/missing makeinfo'
MKDIR_P='/bin/mkdir -p'
MSGFMT='/usr/bin/msgfmt'
MSGMERGE='/usr/bin/msgmerge'
MSGMERGE_FOR_MSGFMT_OPTION='--no-fuzzy-matching --no-location --quiet'
NCURSESW_CFLAGS='-D_GNU_SOURCE -D_DEFAULT_SOURCE -I/home/rpdzkj/sixth/ljswork/hisi/hi351xdv500/work/alsa/ncurses-6.1/install/include/ncursesw -I/home/rpdzkj/sixth/ljswork/hisi/hi351xdv500/work/alsa/ncurses-6.1/install/include'
NCURSESW_LIBS='-L/home/rpdzkj/sixth/ljswork/hisi/hi351xdv500/work/alsa/ncurses-6.1/install/lib -lncursesw'
NCURSES_CFLAGS=''
NCURSES_LIBS=''
OBJEXT='o'
PACKAGE='alsa-utils'
PACKAGE_BUGREPORT=''
PACKAGE_NAME='alsa-utils'
PACKAGE_STRING='alsa-utils 1.2.6'
PACKAGE_TARNAME='alsa-utils'
PACKAGE_URL=''
PACKAGE_VERSION='1.2.6'
PATH_SEPARATOR=':'
PKG_CONFIG='/usr/bin/pkg-config'
PKG_CONFIG_LIBDIR=''
PKG_CONFIG_PATH=''
POSUB='po'
SED='/bin/sed'
SET_MAKE=''
SHELL='/bin/sh'
SND_UTIL_MAJOR='1'
SND_UTIL_MINOR='2'
SND_UTIL_SUBMINOR='6'
SND_UTIL_VERSION='1.2.6'
STRIP='aarch64-linux-gnu-strip'
SYSTEMD_CFLAGS=''
SYSTEMD_LIBS=''
TESTSOUND='/home/rpdzkj/sixth/ljswork/hisi/hi351xdv500/work/alsa/alsa-utils-1.2.6/install/share/test.wav'
USE_NLS='yes'
USE_RST2MAN_FALSE=''
USE_RST2MAN_TRUE='#'
USE_XMLTO_FALSE=''
USE_XMLTO_TRUE='#'
VERSION='1.2.6'
XGETTEXT='/usr/bin/xgettext'
XGETTEXT_015='/usr/bin/xgettext'
XGETTEXT_EXTRA_OPTIONS=''
ac_ct_CC=''
am__EXEEXT_FALSE=''
am__EXEEXT_TRUE='#'
am__fastdepCC_FALSE='#'
am__fastdepCC_TRUE=''
am__include='include'
am__isrc=''
am__leading_dot='.'
am__nodep='_no'
am__quote=''
am__tar='$${TAR-tar} chof - "$$tardir"'
am__untar='$${TAR-tar} xf -'
bindir='${exec_prefix}/bin'
build='x86_64-pc-linux-gnu'
build_alias=''
build_cpu='x86_64'
build_os='linux-gnu'
build_vendor='pc'
datadir='${datarootdir}'
datarootdir='${prefix}/share'
docdir='${datarootdir}/doc/${PACKAGE_TARNAME}'
dvidir='${docdir}'
exec_prefix='${prefix}'
host='aarch64-unknown-linux-gnu'
host_alias='aarch64-linux-gnu'
host_cpu='aarch64'
host_os='linux-gnu'
host_vendor='unknown'
htmldir='${docdir}'
includedir='${prefix}/include'
infodir='${datarootdir}/info'
install_sh='${SHELL} /home/rpdzkj/sixth/ljswork/hisi/hi351xdv500/work/alsa/alsa-utils-1.2.6/install-sh'
libdir='${exec_prefix}/lib'
libexecdir='${exec_prefix}/libexec'
localedir='${datarootdir}/locale'
localstatedir='${prefix}/var'
mandir='${datarootdir}/man'
mkdir_p='$(MKDIR_P)'
mydatadir='/home/rpdzkj/sixth/ljswork/hisi/hi351xdv500/work/alsa/alsa-utils-1.2.6/install/share/alsa'
ncurses5_config=''
ncursesw5_config=''
oldincludedir='/usr/include'
pdfdir='${docdir}'
prefix='/home/rpdzkj/sixth/ljswork/hisi/hi351xdv500/work/alsa/alsa-utils-1.2.6/install'
program_transform_name='s,x,x,'
psdir='${docdir}'
rst2man_available=''
runstatedir='${localstatedir}/run'
sbindir='${exec_prefix}/sbin'
sharedstatedir='${prefix}/com'
sysconfdir='${prefix}/etc'
systemdsystemunitdir='/home/rpdzkj/sixth/ljswork/hisi/hi351xdv500/work/alsa/alsa-utils-1.2.6/install/systemd'
target_alias=''
udevrulesdir='/home/rpdzkj/sixth/ljswork/hisi/hi351xdv500/work/alsa/alsa-utils-1.2.6/install/udev-rules'
xmlto_available=''

## ----------- ##
## confdefs.h. ##
## ----------- ##

/* confdefs.h */
#define PACKAGE_NAME "alsa-utils"
#define PACKAGE_TARNAME "alsa-utils"
#define PACKAGE_VERSION "1.2.6"
#define PACKAGE_STRING "alsa-utils 1.2.6"
#define PACKAGE_BUGREPORT ""
#define PACKAGE_URL ""
#define PACKAGE "alsa-utils"
#define VERSION "1.2.6"
#define ENABLE_NLS 1
#define HAVE_GETTEXT 1
#define HAVE_DCGETTEXT 1
#define HAVE_LIBASOUND 1
#define HAVE_LIBATOPOLOGY 1
#define HAVE_ALSA_PCM_H 1
#define HAVE_ALSA_MIXER_H 1
#define HAVE_ALSA_RAWMIDI_H 1
#define HAVE_ALSA_SEQ_H 1
#define HAVE_ALSA_USE_CASE_H 1
#define HAVE_ALSA_TOPOLOGY_H 1
#define HAVE_SEQ_CLIENT_INFO_GET_CARD 1
#define HAVE_SEQ_CLIENT_INFO_GET_PID 1
#define HAVE_MEMFD_CREATE 1
#define HAVE_LIBM 1
#define HAVE_LIBPTHREAD 1
#define HAVE_LIBRT 1
#define HAVE_CLOCK_GETTIME 1
#define STDC_HEADERS 1
#define HAVE_CURSES_ESCDELAY 1
#define ENABLE_NLS_IN_CURSES 1
#define HAVE_SYS_TYPES_H 1
#define HAVE_SYS_STAT_H 1
#define HAVE_STDLIB_H 1
#define HAVE_STRING_H 1
#define HAVE_MEMORY_H 1
#define HAVE_STRINGS_H 1
#define HAVE_INTTYPES_H 1
#define HAVE_STDINT_H 1
#define HAVE_UNISTD_H 1
#define HAVE_PANEL_H 1
#define HAVE_MENU_H 1
#define HAVE_FORM_H 1
#define SOUNDSDIR "/home/rpdzkj/sixth/ljswork/hisi/hi351xdv500/work/alsa/alsa-utils-1.2.6/install/share/sounds/alsa"
#define DATADIR "/home/rpdzkj/sixth/ljswork/hisi/hi351xdv500/work/alsa/alsa-utils-1.2.6/install/share/alsa"
#define TIME_WITH_SYS_TIME 1
#define VERSION "1.2.6"

configure: exit 0
